#
# There is insufficient memory for the Java Runtime Environment to continue.
# Native memory allocation (mmap) failed to map 268435456 bytes for G1 virtual space
# Possible reasons:
#   The system is out of physical RAM or swap space
#   The process is running with CompressedOops enabled, and the Java Heap may be blocking the growth of the native heap
# Possible solutions:
#   Reduce memory load on the system
#   Increase physical memory or swap space
#   Check if swap backing store is full
#   Decrease Java heap size (-Xmx/-Xms)
#   Decrease number of Java threads
#   Decrease Java thread stack sizes (-Xss)
#   Set larger code cache with -XX:ReservedCodeCacheSize=
#   JVM is running with Zero Based Compressed Oops mode in which the Java heap is
#     placed in the first 32GB address space. The Java Heap base address is the
#     maximum limit for the native heap growth. Please use -XX:HeapBaseMinAddress
#     to set the Java Heap base and to place the Java Heap above 32GB virtual address.
# This output file may be truncated or incomplete.
#
#  Out of Memory Error (os_windows.cpp:3825), pid=21868, tid=21304
#
# JRE version:  (17.0.10+1) (build )
# Java VM: OpenJDK 64-Bit Server VM (17.0.10+1-b1087.17, mixed mode, sharing, tiered, compressed oops, compressed class ptrs, g1 gc, windows-amd64)
# No core dump will be written. Minidumps are not enabled by default on client versions of Windows
#

---------------  S U M M A R Y ------------

Command Line: git4idea.http.GitAskPassApp Username for 'https://github.com': 

Host: Intel(R) Core(TM) i7-8705G CPU @ 3.10GHz, 8 cores, 15G,  Windows 11 , 64 bit Build 22621 (10.0.22621.3958)
Time: Thu Sep 12 15:12:42 2024 Morocco Daylight Time elapsed time: 0.017194 seconds (0d 0h 0m 0s)

---------------  T H R E A D  ---------------

Current thread (0x0000020de0730fa0):  JavaThread "Unknown thread" [_thread_in_vm, id=21304, stack(0x000000a4d7900000,0x000000a4d7a00000)]

Stack: [0x000000a4d7900000,0x000000a4d7a00000]
Native frames: (J=compiled Java code, j=interpreted, Vv=VM code, C=native code)
V  [jvm.dll+0x688ac9]
V  [jvm.dll+0x84220a]
V  [jvm.dll+0x843e4e]
V  [jvm.dll+0x8444b3]
V  [jvm.dll+0x24ba8f]
V  [jvm.dll+0x685899]
V  [jvm.dll+0x67a14a]
V  [jvm.dll+0x30c7eb]
V  [jvm.dll+0x313c96]
V  [jvm.dll+0x363a2e]
V  [jvm.dll+0x363c5f]
V  [jvm.dll+0x2e25b8]
V  [jvm.dll+0x2e3524]
V  [jvm.dll+0x812d71]
V  [jvm.dll+0x3718e1]
V  [jvm.dll+0x7f18d6]
V  [jvm.dll+0x3f553f]
V  [jvm.dll+0x3f7171]
C  [jli.dll+0x528f]
C  [ucrtbase.dll+0x29333]
C  [KERNEL32.DLL+0x1257d]
C  [ntdll.dll+0x5af28]


---------------  P R O C E S S  ---------------

Threads class SMR info:
_java_thread_list=0x00007ff99b4eef58, length=0, elements={
}

Java Threads: ( => current thread )

Other Threads:
  0x0000020de079bb00 GCTaskThread "GC Thread#0" [stack: 0x000000a4d7a00000,0x000000a4d7b00000] [id=18632]
  0x0000020de07ac860 ConcurrentGCThread "G1 Main Marker" [stack: 0x000000a4d7b00000,0x000000a4d7c00000] [id=3536]
  0x0000020de07ad280 ConcurrentGCThread "G1 Conc#0" [stack: 0x000000a4d7c00000,0x000000a4d7d00000] [id=15412]

[error occurred during error reporting (printing all threads), id 0xc0000005, EXCEPTION_ACCESS_VIOLATION (0xc0000005) at pc=0x00007ff99aca3187]

VM state: not at safepoint (not fully initialized)

VM Mutex/Monitor currently owned by a thread:  ([mutex/lock_event])
[0x0000020de072bcc0] Heap_lock - owner thread: 0x0000020de0730fa0

Heap address: 0x0000000701e00000, size: 4066 MB, Compressed Oops mode: Zero based, Oop shift amount: 3

CDS archive(s) mapped at: [0x0000000000000000-0x0000000000000000-0x0000000000000000), size 0, SharedBaseAddress: 0x0000000800000000, ArchiveRelocationMode: 1.
Narrow klass base: 0x0000000000000000, Narrow klass shift: 0, Narrow klass range: 0x0

GC Precious Log:
<Empty>

Heap:
 garbage-first heap   total 0K, used 0K [0x0000000701e00000, 0x0000000800000000)
  region size 2048K, 0 young (0K), 0 survivors (0K)
 Metaspace       used 0K, committed 0K, reserved 0K
  class space    used 0K, committed 0K, reserved 0K

Heap Regions: E=young(eden), S=young(survivor), O=old, HS=humongous(starts), HC=humongous(continues), CS=collection set, F=free, OA=open archive, CA=closed archive, TAMS=top-at-mark-start (previous, next)

Card table byte_map: [0x0000020df39d0000,0x0000020df41d0000] _byte_map_base: 0x0000020df01c1000

Marking Bits (Prev, Next): (CMBitMap*) 0x0000020de079c120, (CMBitMap*) 0x0000020de079c160
 Prev Bits: [0x0000020df49d0000, 0x0000020df8958000)
 Next Bits: [0x0000020df8960000, 0x0000020dfc8e8000)

GC Heap History (0 events):
No events

Dll operation events (1 events):
Event: 0.011 Loaded shared library C:\Users\Spectre Gamer\AppData\Local\JetBrains\IntelliJ IDEA 2023.3.4\jbr\bin\java.dll

Deoptimization events (0 events):
No events

Classes unloaded (0 events):
No events

Classes redefined (0 events):
No events

Internal exceptions (0 events):
No events

VM Operations (0 events):
No events

Events (0 events):
No events


Dynamic libraries:
0x00007ff6dad10000 - 0x00007ff6dad1a000 	C:\Users\Spectre Gamer\AppData\Local\JetBrains\IntelliJ IDEA 2023.3.4\jbr\bin\java.exe
0x00007ffa32530000 - 0x00007ffa32747000 	C:\Windows\SYSTEM32\ntdll.dll
0x00007ffa307f0000 - 0x00007ffa308b4000 	C:\Windows\System32\KERNEL32.DLL
0x00007ffa2f970000 - 0x00007ffa2fd1d000 	C:\Windows\System32\KERNELBASE.dll
0x00007ffa2f850000 - 0x00007ffa2f961000 	C:\Windows\System32\ucrtbase.dll
0x00007ffa1ad40000 - 0x00007ffa1ad57000 	C:\Users\Spectre Gamer\AppData\Local\JetBrains\IntelliJ IDEA 2023.3.4\jbr\bin\jli.dll
0x00007ffa1ad20000 - 0x00007ffa1ad3b000 	C:\Users\Spectre Gamer\AppData\Local\JetBrains\IntelliJ IDEA 2023.3.4\jbr\bin\VCRUNTIME140.dll
0x00007ffa31d00000 - 0x00007ffa31eae000 	C:\Windows\System32\USER32.dll
0x00007ffa30070000 - 0x00007ffa30096000 	C:\Windows\System32\win32u.dll
0x00007ffa10800000 - 0x00007ffa10a93000 	C:\Windows\WinSxS\amd64_microsoft.windows.common-controls_6595b64144ccf1df_6.0.22621.3672_none_2713b9d173822955\COMCTL32.dll
0x00007ffa31c40000 - 0x00007ffa31ce7000 	C:\Windows\System32\msvcrt.dll
0x00007ffa30cd0000 - 0x00007ffa30cf9000 	C:\Windows\System32\GDI32.dll
0x00007ffa300a0000 - 0x00007ffa301b9000 	C:\Windows\System32\gdi32full.dll
0x00007ffa301c0000 - 0x00007ffa3025a000 	C:\Windows\System32\msvcp_win.dll
0x00007ffa30b30000 - 0x00007ffa30b61000 	C:\Windows\System32\IMM32.DLL
0x00007ffa1bd20000 - 0x00007ffa1bd2c000 	C:\Users\Spectre Gamer\AppData\Local\JetBrains\IntelliJ IDEA 2023.3.4\jbr\bin\vcruntime140_1.dll
0x00007ffa08570000 - 0x00007ffa085fd000 	C:\Users\Spectre Gamer\AppData\Local\JetBrains\IntelliJ IDEA 2023.3.4\jbr\bin\msvcp140.dll
0x00007ff99a9b0000 - 0x00007ff99b633000 	C:\Users\Spectre Gamer\AppData\Local\JetBrains\IntelliJ IDEA 2023.3.4\jbr\bin\server\jvm.dll
0x00007ffa30b80000 - 0x00007ffa30c32000 	C:\Windows\System32\ADVAPI32.dll
0x00007ffa31160000 - 0x00007ffa31209000 	C:\Windows\System32\sechost.dll
0x00007ffa30040000 - 0x00007ffa30068000 	C:\Windows\System32\bcrypt.dll
0x00007ffa30910000 - 0x00007ffa30a24000 	C:\Windows\System32\RPCRT4.dll
0x00007ffa2e700000 - 0x00007ffa2e74d000 	C:\Windows\SYSTEM32\POWRPROF.dll
0x00007ffa0e4b0000 - 0x00007ffa0e4b9000 	C:\Windows\SYSTEM32\WSOCK32.dll
0x00007ffa30260000 - 0x00007ffa302d1000 	C:\Windows\System32\WS2_32.dll
0x00007ffa2b020000 - 0x00007ffa2b054000 	C:\Windows\SYSTEM32\WINMM.dll
0x00007ffa2af90000 - 0x00007ffa2af9a000 	C:\Windows\SYSTEM32\VERSION.dll
0x00007ffa2e6e0000 - 0x00007ffa2e6f3000 	C:\Windows\SYSTEM32\UMPDC.dll
0x00007ffa2e990000 - 0x00007ffa2e9a8000 	C:\Windows\SYSTEM32\kernel.appcore.dll
0x00007ffa2c050000 - 0x00007ffa2c05a000 	C:\Users\Spectre Gamer\AppData\Local\JetBrains\IntelliJ IDEA 2023.3.4\jbr\bin\jimage.dll
0x00007ffa2d100000 - 0x00007ffa2d332000 	C:\Windows\SYSTEM32\DBGHELP.DLL
0x00007ffa30400000 - 0x00007ffa3078e000 	C:\Windows\System32\combase.dll
0x00007ffa31080000 - 0x00007ffa31157000 	C:\Windows\System32\OLEAUT32.dll
0x00007ffa074a0000 - 0x00007ffa074d2000 	C:\Windows\SYSTEM32\dbgcore.DLL
0x00007ffa2fd90000 - 0x00007ffa2fe0b000 	C:\Windows\System32\bcryptPrimitives.dll
0x00007ffa29e60000 - 0x00007ffa29e85000 	C:\Users\Spectre Gamer\AppData\Local\JetBrains\IntelliJ IDEA 2023.3.4\jbr\bin\java.dll

dbghelp: loaded successfully - version: 4.0.5 - missing functions: none
symbol engine: initialized successfully - sym options: 0x614 - pdb path: .;C:\Users\Spectre Gamer\AppData\Local\JetBrains\IntelliJ IDEA 2023.3.4\jbr\bin;C:\Windows\SYSTEM32;C:\Windows\WinSxS\amd64_microsoft.windows.common-controls_6595b64144ccf1df_6.0.22621.3672_none_2713b9d173822955;C:\Users\Spectre Gamer\AppData\Local\JetBrains\IntelliJ IDEA 2023.3.4\jbr\bin\server

VM Arguments:
java_command: git4idea.http.GitAskPassApp Username for 'https://github.com': 
java_class_path (initial): C:/Users/Spectre Gamer/AppData/Local/JetBrains/IntelliJ IDEA 2023.3.4/plugins/vcs-git/lib/git4idea-rt.jar;C:/Users/Spectre Gamer/AppData/Local/JetBrains/IntelliJ IDEA 2023.3.4/lib/externalProcess-rt.jar
Launcher Type: SUN_STANDARD

[Global flags]
     intx CICompilerCount                          = 4                                         {product} {ergonomic}
     uint ConcGCThreads                            = 2                                         {product} {ergonomic}
     uint G1ConcRefinementThreads                  = 8                                         {product} {ergonomic}
   size_t G1HeapRegionSize                         = 2097152                                   {product} {ergonomic}
    uintx GCDrainStackTargetSize                   = 64                                        {product} {ergonomic}
   size_t InitialHeapSize                          = 268435456                                 {product} {ergonomic}
   size_t MarkStackSize                            = 4194304                                   {product} {ergonomic}
   size_t MaxHeapSize                              = 4263510016                                {product} {ergonomic}
   size_t MinHeapDeltaBytes                        = 2097152                                   {product} {ergonomic}
   size_t MinHeapSize                              = 8388608                                   {product} {ergonomic}
    uintx NonNMethodCodeHeapSize                   = 5839372                                {pd product} {ergonomic}
    uintx NonProfiledCodeHeapSize                  = 122909434                              {pd product} {ergonomic}
    uintx ProfiledCodeHeapSize                     = 122909434                              {pd product} {ergonomic}
    uintx ReservedCodeCacheSize                    = 251658240                              {pd product} {ergonomic}
     bool SegmentedCodeCache                       = true                                      {product} {ergonomic}
   size_t SoftMaxHeapSize                          = 4263510016                             {manageable} {ergonomic}
     bool UseCompressedClassPointers               = true                           {product lp64_product} {ergonomic}
     bool UseCompressedOops                        = true                           {product lp64_product} {ergonomic}
     bool UseG1GC                                  = true                                      {product} {ergonomic}
     bool UseLargePagesIndividualAllocation        = false                                  {pd product} {ergonomic}

Logging:
Log output configuration:
 #0: stdout all=warning uptime,level,tags
 #1: stderr all=off uptime,level,tags

Environment Variables:
PATH=C:\Program Files\Git\mingw64\libexec\git-core;C:\Program Files\Git\mingw64\libexec\git-core;C:\Program Files\Git\mingw64\bin;C:\Program Files\Git\usr\bin;C:\Users\Spectre Gamer\bin;C:\Program Files (x86)\Common Files\Intel\Shared Libraries\redist\intel64\compiler;C:\Program Files\Common Files\Oracle\Java\javapath;C:\Program Files (x86)\Common Files\Oracle\Java\java8path;C:\Program Files (x86)\Common Files\Oracle\Java\javapath;C:\Windows\system32;C:\Windows;C:\Windows\System32\Wbem;C:\Windows\System32\WindowsPowerShell\v1.0;C:\Windows\System32\OpenSSH;C:\Program Files\Git\cmd;C:\Program Files (x86)\GnuWin32\bin;C:\Program Files\MySQL\MySQL Server 8.0\bin;C:\Program Files\nodejs;C:\Program Files\Microsoft SQL Server\150\Tools\Binn;C:\Program Files\Microsoft SQL Server\Client SDK\ODBC\170\Tools\Binn;C:\Program Files\dotnet;C:\android\platform-tools;C:\Users\Spectre Gamer\Maven\apache-maven-3.9.6\bin;C:\Users\Spectre Gamer\anaconda3\envs\installingrasa\Scripts;C:\Program Files\Docker\Docker\resources\bin;C:\Users\Spectre Gamer\anaconda3;C:\Users\Spectre Gamer\anaconda3\Library\mingw-w64\bin;C:\Users\Spectre Gamer\anaconda3\Library\usr\bin;C:\Users\Spectre Gamer\anaconda3\Library\bin;C:\Users\Spectre Gamer\anaconda3\Scripts;C:\Program Files\MySQL\MySQL Shell 8.0\bin;C:\Users\Spectre Gamer\AppData\Local\Microsoft\WindowsApps;C:\Users\Spectre Gamer\AppData\Local\Programs\Microsoft VS Code\bin;C:\Program Files (x86)\Java\jre1.8.0_361\bin;C:\Program Files (x86)\Java\jdk-20\bin;C:\Program Files (x86)\Java\javafx-sdk-19.0.2.1\bin;C:\Users\Spectre Gamer\AppData\Roaming\npm;C:\Users\Spectre Gamer\.dotnet\tools;C:\Users\Spectre Gamer\AppData\Local\JetBrains\IntelliJ IDEA 2023.3.4\bin
USERNAME=Spectre Gamer
DISPLAY=:0.0
LC_ALL=en_US.UTF-8
TERM=xterm-256color
TMPDIR=C:\Users\SPECTR~1\AppData\Local\Temp
OS=Windows_NT
PROCESSOR_IDENTIFIER=Intel64 Family 6 Model 158 Stepping 9, GenuineIntel
TMP=C:\Users\SPECTR~1\AppData\Local\Temp
TEMP=C:\Users\SPECTR~1\AppData\Local\Temp



Periodic native trim disabled

JNI global refs:
JNI global refs: 0, weak refs: 0

JNI global refs memory usage: 0, weak refs: 0

OOME stack traces (most recent first):
Classloader memory used:


---------------  S Y S T E M  ---------------

OS:
 Windows 11 , 64 bit Build 22621 (10.0.22621.3958)
OS uptime: 0 days 1:58 hours

CPU: total 8 (initial active 8) (4 cores per cpu, 2 threads per core) family 6 model 158 stepping 9 microcode 0xf0, cx8, cmov, fxsr, ht, mmx, 3dnowpref, sse, sse2, sse3, ssse3, sse4.1, sse4.2, popcnt, lzcnt, tsc, tscinvbit, avx, avx2, aes, erms, clmul, bmi1, bmi2, adx, fma, vzeroupper, clflush, clflushopt
Processor Information for all 8 processors :
  Max Mhz: 3096, Current Mhz: 2496, Mhz Limit: 3096

Memory: 4k page, system-wide physical 16259M (1055M free)
TotalPageFile size 25928M (AvailPageFile size 258M)
current process WorkingSet (physical memory assigned to process): 11M, peak: 11M
current process commit charge ("private bytes"): 60M, peak: 316M

vm_info: OpenJDK 64-Bit Server VM (17.0.10+1-b1087.17) for windows-amd64 JRE (17.0.10+1-b1087.17), built on 2024-01-19 by "builduser" with MS VC++ 16.10 / 16.11 (VS2019)

END.
